<?xml version="1.0" encoding="UTF-8"?>
<!-- Generated by org.testng.reporters.JUnitXMLReporter -->
<testsuite hostname="LAPTOP-Q5LA32G8" ignored="3" name="Test" tests="3" failures="0" timestamp="28 Jul 2020 05:47:44 GMT" time="10.477" errors="0">
  <testcase name="login_details" time="7.801" classname="com.testcases.login_test"/>
  <testcase name="checktitle" time="0.074" classname="com.testcases.login_test"/>
  <testcase name="user" time="2.572" classname="com.testcases.hometest"/>
  <testcase name="@BeforeSuite launch" time="0.0" classname="com.testcases.login_test">
    <ignored/>
  </testcase> <!-- @BeforeSuite launch -->
  <testcase name="checktitle" time="0.0" classname="com.testcases.login_test">
    <ignored/>
  </testcase> <!-- checktitle -->
  <testcase name="login_details" time="0.0" classname="com.testcases.login_test">
    <ignored/>
  </testcase> <!-- login_details -->
</testsuite> <!-- Test -->
