<?xml version="1.0" encoding="UTF-8"?>
<testng-results skipped="0" failed="0" ignored="0" total="2" passed="2">
  <reporter-output>
  </reporter-output>
  <suite name="Suite" duration-ms="19231" started-at="2020-07-15T11:16:31Z" finished-at="2020-07-15T11:16:50Z">
    <groups>
    </groups>
    <test name="Test" duration-ms="19231" started-at="2020-07-15T11:16:31Z" finished-at="2020-07-15T11:16:50Z">
      <class name="parallel_test.first_class">
        <test-method status="PASS" signature="test1()[pri:0, instance:parallel_test.first_class@215be6bb]" name="test1" duration-ms="10064" started-at="2020-07-15T16:46:31Z" finished-at="2020-07-15T16:46:41Z">
          <reporter-output>
          </reporter-output>
        </test-method> <!-- test1 -->
      </class> <!-- parallel_test.first_class -->
      <class name="parallel_test.second_class">
        <test-method status="PASS" signature="test2()[pri:0, instance:parallel_test.second_class@23ceabc1]" name="test2" duration-ms="19209" started-at="2020-07-15T16:46:31Z" finished-at="2020-07-15T16:46:50Z">
          <reporter-output>
          </reporter-output>
        </test-method> <!-- test2 -->
      </class> <!-- parallel_test.second_class -->
    </test> <!-- Test -->
  </suite> <!-- Suite -->
</testng-results>
