<?xml version="1.0" encoding="UTF-8"?>
<testng-results skipped="0" failed="0" ignored="0" total="6" passed="6">
  <reporter-output>
  </reporter-output>
  <suite name="Suite" duration-ms="1622" started-at="2020-07-24T05:28:48Z" finished-at="2020-07-24T05:28:50Z">
    <groups>
    </groups>
    <test name="Test" duration-ms="1622" started-at="2020-07-24T05:28:48Z" finished-at="2020-07-24T05:28:50Z">
      <class name="com.facebook.com.facebooklogin.homepage">
        <test-method status="PASS" signature="beforeSuite()[pri:0, instance:com.facebook.com.facebooklogin.homepage@90f6bfd]" name="beforeSuite" is-config="true" duration-ms="10506" started-at="2020-07-24T05:28:38Z" finished-at="2020-07-24T05:28:48Z">
          <reporter-output>
          </reporter-output>
        </test-method> <!-- beforeSuite -->
        <test-method status="PASS" signature="name()[pri:0, instance:com.facebook.com.facebooklogin.homepage@90f6bfd]" name="name" duration-ms="300" started-at="2020-07-24T05:28:48Z" finished-at="2020-07-24T05:28:49Z">
          <reporter-output>
          </reporter-output>
        </test-method> <!-- name -->
        <test-method status="PASS" signature="mobile()[pri:0, instance:com.facebook.com.facebooklogin.homepage@90f6bfd]" name="mobile" duration-ms="133" started-at="2020-07-24T05:28:49Z" finished-at="2020-07-24T05:28:49Z">
          <reporter-output>
          </reporter-output>
        </test-method> <!-- mobile -->
        <test-method status="PASS" signature="password()[pri:0, instance:com.facebook.com.facebooklogin.homepage@90f6bfd]" name="password" duration-ms="107" started-at="2020-07-24T05:28:49Z" finished-at="2020-07-24T05:28:49Z">
          <reporter-output>
          </reporter-output>
        </test-method> <!-- password -->
        <test-method status="PASS" signature="dob()[pri:0, instance:com.facebook.com.facebooklogin.homepage@90f6bfd]" name="dob" duration-ms="857" started-at="2020-07-24T05:28:49Z" finished-at="2020-07-24T05:28:50Z">
          <reporter-output>
          </reporter-output>
        </test-method> <!-- dob -->
        <test-method status="PASS" signature="gender()[pri:0, instance:com.facebook.com.facebooklogin.homepage@90f6bfd]" name="gender" duration-ms="102" started-at="2020-07-24T05:28:50Z" finished-at="2020-07-24T05:28:50Z">
          <reporter-output>
          </reporter-output>
        </test-method> <!-- gender -->
        <test-method status="PASS" signature="sigup()[pri:0, instance:com.facebook.com.facebooklogin.homepage@90f6bfd]" name="sigup" duration-ms="102" started-at="2020-07-24T05:28:50Z" finished-at="2020-07-24T05:28:50Z">
          <reporter-output>
          </reporter-output>
        </test-method> <!-- sigup -->
      </class> <!-- com.facebook.com.facebooklogin.homepage -->
    </test> <!-- Test -->
  </suite> <!-- Suite -->
</testng-results>
