<?xml version="1.0" encoding="UTF-8"?>
<testng-results skipped="0" failed="0" ignored="0" total="1" passed="1">
  <reporter-output>
  </reporter-output>
  <suite name="Default suite" duration-ms="8679" started-at="2020-07-08T13:34:22Z" finished-at="2020-07-08T13:34:30Z">
    <groups>
    </groups>
    <test name="Default test" duration-ms="8679" started-at="2020-07-08T13:34:22Z" finished-at="2020-07-08T13:34:30Z">
      <class name="btes_8july_testng.NewTest">
        <test-method status="PASS" signature="beforeTest()[pri:0, instance:btes_8july_testng.NewTest@5034c75a]" name="beforeTest" is-config="true" duration-ms="8638" started-at="2020-07-08T19:04:22Z" finished-at="2020-07-08T19:04:30Z">
          <reporter-output>
          </reporter-output>
        </test-method> <!-- beforeTest -->
        <test-method status="PASS" signature="beforeClass()[pri:0, instance:btes_8july_testng.NewTest@5034c75a]" name="beforeClass" is-config="true" duration-ms="1" started-at="2020-07-08T19:04:30Z" finished-at="2020-07-08T19:04:30Z">
          <reporter-output>
          </reporter-output>
        </test-method> <!-- beforeClass -->
        <test-method status="PASS" signature="f()[pri:0, instance:btes_8july_testng.NewTest@5034c75a]" name="f" duration-ms="9" started-at="2020-07-08T19:04:30Z" finished-at="2020-07-08T19:04:30Z">
          <reporter-output>
          </reporter-output>
        </test-method> <!-- f -->
        <test-method status="PASS" signature="beforeMethod()[pri:0, instance:btes_8july_testng.NewTest@5034c75a]" name="beforeMethod" is-config="true" duration-ms="0" started-at="2020-07-08T19:04:30Z" finished-at="2020-07-08T19:04:30Z">
          <reporter-output>
          </reporter-output>
        </test-method> <!-- beforeMethod -->
        <test-method status="PASS" signature="afterMethod()[pri:0, instance:btes_8july_testng.NewTest@5034c75a]" name="afterMethod" is-config="true" duration-ms="0" started-at="2020-07-08T19:04:30Z" finished-at="2020-07-08T19:04:30Z">
          <reporter-output>
          </reporter-output>
        </test-method> <!-- afterMethod -->
        <test-method status="PASS" signature="afterClass()[pri:0, instance:btes_8july_testng.NewTest@5034c75a]" name="afterClass" is-config="true" duration-ms="1" started-at="2020-07-08T19:04:30Z" finished-at="2020-07-08T19:04:30Z">
          <reporter-output>
          </reporter-output>
        </test-method> <!-- afterClass -->
        <test-method status="PASS" signature="afterTest()[pri:0, instance:btes_8july_testng.NewTest@5034c75a]" name="afterTest" is-config="true" duration-ms="1" started-at="2020-07-08T19:04:30Z" finished-at="2020-07-08T19:04:30Z">
          <reporter-output>
          </reporter-output>
        </test-method> <!-- afterTest -->
        <test-method status="PASS" signature="afterSuite()[pri:0, instance:btes_8july_testng.NewTest@5034c75a]" name="afterSuite" is-config="true" duration-ms="0" started-at="2020-07-08T19:04:30Z" finished-at="2020-07-08T19:04:30Z">
          <reporter-output>
          </reporter-output>
        </test-method> <!-- afterSuite -->
      </class> <!-- btes_8july_testng.NewTest -->
    </test> <!-- Default test -->
  </suite> <!-- Default suite -->
</testng-results>
