<?xml version="1.0" encoding="UTF-8"?>
<!-- Generated by org.testng.reporters.JUnitXMLReporter -->
<testsuite hostname="LAPTOP-Q5LA32G8" ignored="2" name="Test" tests="5" failures="1" timestamp="09 Jul 2020 04:59:19 GMT" time="1.27" errors="0">
  <testcase name="address" time="0.148" classname="basics_testng_practice.first"/>
  <testcase name="email" time="0.552" classname="basics_testng_practice.first"/>
  <testcase name="name" time="0.341" classname="basics_testng_practice.first"/>
  <testcase name="phone" time="0.196" classname="basics_testng_practice.first"/>
  <testcase name="gender" time="0.0" classname="basics_testng_practice.second">
    <failure type="java.lang.NullPointerException">
      <![CDATA[java.lang.NullPointerException
	at basics_testng_practice.second.gender(second.java:11)
... Removed 25 stack frames]]>
    </failure>
  </testcase> <!-- gender -->
  <testcase name="@AfterSuite afterSuite" time="0.0" classname="basics_testng_practice.NewTest">
    <ignored/>
  </testcase> <!-- @AfterSuite afterSuite -->
  <testcase name="@BeforeSuite beforeSuite" time="0.0" classname="basics_testng_practice.NewTest">
    <ignored/>
  </testcase> <!-- @BeforeSuite beforeSuite -->
</testsuite> <!-- Test -->
