<?xml version="1.0" encoding="UTF-8"?>
<!-- Generated by org.testng.reporters.JUnitXMLReporter -->
<testsuite hostname="LAPTOP-Q5LA32G8" ignored="0" name="Default test" tests="6" failures="0" timestamp="23 Jul 2020 10:20:05 GMT" time="1.925" errors="0">
  <testcase name="dob" time="1.108" classname="com.facebook.com.facebooklogin.homepage"/>
  <testcase name="gender" time="0.104" classname="com.facebook.com.facebooklogin.homepage"/>
  <testcase name="mobile" time="0.148" classname="com.facebook.com.facebooklogin.homepage"/>
  <testcase name="name" time="0.281" classname="com.facebook.com.facebooklogin.homepage"/>
  <testcase name="password" time="0.12" classname="com.facebook.com.facebooklogin.homepage"/>
  <testcase name="sigup" time="0.128" classname="com.facebook.com.facebooklogin.homepage"/>
</testsuite> <!-- Default test -->
