<?xml version="1.0" encoding="UTF-8"?>
<testng-results skipped="0" failed="0" ignored="0" total="1" passed="1">
  <reporter-output>
  </reporter-output>
  <suite name="Suite" duration-ms="20342" started-at="2020-07-17T07:56:39Z" finished-at="2020-07-17T07:57:00Z">
    <groups>
    </groups>
    <test name="Test" duration-ms="20342" started-at="2020-07-17T07:56:39Z" finished-at="2020-07-17T07:57:00Z">
      <class name="parametres.NewTest">
        <test-method status="PASS" signature="f(java.lang.String, java.lang.String, java.lang.String)[pri:0, instance:parametres.NewTest@23ceabc1]" name="f" duration-ms="20314" started-at="2020-07-17T13:26:39Z" finished-at="2020-07-17T13:27:00Z">
          <params>
            <param index="0">
              <value>
                <![CDATA[https://opensource-demo.orangehrmlive.com/]]>
              </value>
            </param>
            <param index="1">
              <value>
                <![CDATA[Admin]]>
              </value>
            </param>
            <param index="2">
              <value>
                <![CDATA[admin123]]>
              </value>
            </param>
          </params>
          <reporter-output>
          </reporter-output>
        </test-method> <!-- f -->
      </class> <!-- parametres.NewTest -->
    </test> <!-- Test -->
  </suite> <!-- Suite -->
</testng-results>
