<?xml version="1.0" encoding="UTF-8"?>
<testng-results skipped="0" failed="0" ignored="3" total="6" passed="3">
  <reporter-output>
  </reporter-output>
  <suite name="Suite" duration-ms="9066" started-at="2020-07-28T05:42:34Z" finished-at="2020-07-28T05:42:43Z">
    <groups>
    </groups>
    <test name="Test" duration-ms="9066" started-at="2020-07-28T05:42:34Z" finished-at="2020-07-28T05:42:43Z">
      <class name="com.testcases.login_test">
        <test-method status="PASS" signature="launch()[pri:0, instance:com.testcases.login_test@1bce4f0a]" name="launch" is-config="true" duration-ms="12313" started-at="2020-07-28T05:42:21Z" finished-at="2020-07-28T05:42:34Z">
          <reporter-output>
          </reporter-output>
        </test-method> <!-- launch -->
        <test-method status="PASS" signature="login_details()[pri:0, instance:com.testcases.login_test@1bce4f0a]" name="login_details" duration-ms="6897" started-at="2020-07-28T05:42:34Z" finished-at="2020-07-28T05:42:41Z">
          <reporter-output>
          </reporter-output>
        </test-method> <!-- login_details -->
        <test-method status="PASS" signature="checktitle()[pri:0, instance:com.testcases.login_test@1bce4f0a]" name="checktitle" duration-ms="15" started-at="2020-07-28T05:42:41Z" finished-at="2020-07-28T05:42:41Z">
          <reporter-output>
          </reporter-output>
        </test-method> <!-- checktitle -->
      </class> <!-- com.testcases.login_test -->
      <class name="com.testcases.hometest">
        <test-method status="PASS" signature="ty()[pri:0, instance:com.testcases.hometest@5e3a8624]" name="ty" is-config="true" duration-ms="2" started-at="2020-07-28T05:42:41Z" finished-at="2020-07-28T05:42:41Z">
          <reporter-output>
          </reporter-output>
        </test-method> <!-- ty -->
        <test-method status="PASS" signature="user()[pri:0, instance:com.testcases.hometest@5e3a8624]" name="user" duration-ms="2105" started-at="2020-07-28T05:42:41Z" finished-at="2020-07-28T05:42:43Z">
          <reporter-output>
          </reporter-output>
        </test-method> <!-- user -->
      </class> <!-- com.testcases.hometest -->
    </test> <!-- Test -->
  </suite> <!-- Suite -->
</testng-results>
