<?xml version="1.0" encoding="UTF-8"?>
<testng-results skipped="0" failed="0" ignored="0" total="2" passed="2">
  <reporter-output>
  </reporter-output>
  <suite name="Default suite" duration-ms="38" started-at="2020-06-23T10:19:13Z" finished-at="2020-06-23T10:19:13Z">
    <groups>
    </groups>
    <test name="Default test" duration-ms="38" started-at="2020-06-23T10:19:13Z" finished-at="2020-06-23T10:19:13Z">
      <class name="practice.NewTest">
        <test-method status="PASS" signature="beforeSuite()[pri:0, instance:practice.NewTest@2ef5e5e3]" name="beforeSuite" is-config="true" duration-ms="9" started-at="2020-06-23T15:49:13Z" finished-at="2020-06-23T15:49:13Z">
          <reporter-output>
          </reporter-output>
        </test-method> <!-- beforeSuite -->
        <test-method status="PASS" signature="beforeTest()[pri:0, instance:practice.NewTest@2ef5e5e3]" name="beforeTest" is-config="true" duration-ms="0" started-at="2020-06-23T15:49:13Z" finished-at="2020-06-23T15:49:13Z">
          <reporter-output>
          </reporter-output>
        </test-method> <!-- beforeTest -->
        <test-method status="PASS" signature="beforeClass()[pri:0, instance:practice.NewTest@2ef5e5e3]" name="beforeClass" is-config="true" duration-ms="0" started-at="2020-06-23T15:49:13Z" finished-at="2020-06-23T15:49:13Z">
          <reporter-output>
          </reporter-output>
        </test-method> <!-- beforeClass -->
        <test-method status="PASS" signature="beforeMethod()[pri:0, instance:practice.NewTest@2ef5e5e3]" name="beforeMethod" is-config="true" duration-ms="0" started-at="2020-06-23T15:49:13Z" finished-at="2020-06-23T15:49:13Z">
          <reporter-output>
          </reporter-output>
        </test-method> <!-- beforeMethod -->
        <test-method status="PASS" signature="test1()[pri:0, instance:practice.NewTest@2ef5e5e3]" name="test1" duration-ms="10" started-at="2020-06-23T15:49:13Z" finished-at="2020-06-23T15:49:13Z">
          <reporter-output>
          </reporter-output>
        </test-method> <!-- test1 -->
        <test-method status="PASS" signature="afterMethod()[pri:0, instance:practice.NewTest@2ef5e5e3]" name="afterMethod" is-config="true" duration-ms="0" started-at="2020-06-23T15:49:13Z" finished-at="2020-06-23T15:49:13Z">
          <reporter-output>
          </reporter-output>
        </test-method> <!-- afterMethod -->
        <test-method status="PASS" signature="beforeMethod()[pri:0, instance:practice.NewTest@2ef5e5e3]" name="beforeMethod" is-config="true" duration-ms="1" started-at="2020-06-23T15:49:13Z" finished-at="2020-06-23T15:49:13Z">
          <reporter-output>
          </reporter-output>
        </test-method> <!-- beforeMethod -->
        <test-method status="PASS" signature="test12()[pri:0, instance:practice.NewTest@2ef5e5e3]" name="test12" duration-ms="2" started-at="2020-06-23T15:49:13Z" finished-at="2020-06-23T15:49:13Z">
          <reporter-output>
          </reporter-output>
        </test-method> <!-- test12 -->
        <test-method status="PASS" signature="afterClass()[pri:0, instance:practice.NewTest@2ef5e5e3]" name="afterClass" is-config="true" duration-ms="1" started-at="2020-06-23T15:49:13Z" finished-at="2020-06-23T15:49:13Z">
          <reporter-output>
          </reporter-output>
        </test-method> <!-- afterClass -->
        <test-method status="PASS" signature="afterMethod()[pri:0, instance:practice.NewTest@2ef5e5e3]" name="afterMethod" is-config="true" duration-ms="0" started-at="2020-06-23T15:49:13Z" finished-at="2020-06-23T15:49:13Z">
          <reporter-output>
          </reporter-output>
        </test-method> <!-- afterMethod -->
        <test-method status="PASS" signature="afterTest()[pri:0, instance:practice.NewTest@2ef5e5e3]" name="afterTest" is-config="true" duration-ms="0" started-at="2020-06-23T15:49:13Z" finished-at="2020-06-23T15:49:13Z">
          <reporter-output>
          </reporter-output>
        </test-method> <!-- afterTest -->
        <test-method status="PASS" signature="afterSuite()[pri:0, instance:practice.NewTest@2ef5e5e3]" name="afterSuite" is-config="true" duration-ms="1" started-at="2020-06-23T15:49:13Z" finished-at="2020-06-23T15:49:13Z">
          <reporter-output>
          </reporter-output>
        </test-method> <!-- afterSuite -->
      </class> <!-- practice.NewTest -->
    </test> <!-- Default test -->
  </suite> <!-- Default suite -->
</testng-results>
