<?xml version="1.0" encoding="UTF-8"?>
<testng-results skipped="0" failed="0" ignored="0" total="9" passed="9">
  <reporter-output>
  </reporter-output>
  <suite name="Default suite" duration-ms="6348" started-at="2020-07-15T04:21:02Z" finished-at="2020-07-15T04:21:09Z">
    <groups>
    </groups>
    <test name="Default test" duration-ms="6348" started-at="2020-07-15T04:21:02Z" finished-at="2020-07-15T04:21:09Z">
      <class name="site_automate.NewTest">
        <test-method status="PASS" signature="beforeSuite()[pri:0, instance:site_automate.NewTest@6d00a15d]" name="beforeSuite" is-config="true" duration-ms="9636" started-at="2020-07-15T09:50:53Z" finished-at="2020-07-15T09:51:02Z">
          <reporter-output>
          </reporter-output>
        </test-method> <!-- beforeSuite -->
        <test-method status="PASS" signature="email()[pri:1, instance:site_automate.NewTest@6d00a15d]" name="email" duration-ms="3629" started-at="2020-07-15T09:51:02Z" finished-at="2020-07-15T09:51:06Z">
          <reporter-output>
          </reporter-output>
        </test-method> <!-- email -->
        <test-method status="PASS" signature="form()[pri:2, instance:site_automate.NewTest@6d00a15d]" name="form" duration-ms="1043" started-at="2020-07-15T09:51:06Z" finished-at="2020-07-15T09:51:07Z">
          <reporter-output>
          </reporter-output>
        </test-method> <!-- form -->
        <test-method status="PASS" signature="button()[pri:3, instance:site_automate.NewTest@6d00a15d]" name="button" duration-ms="187" started-at="2020-07-15T09:51:07Z" finished-at="2020-07-15T09:51:07Z">
          <reporter-output>
          </reporter-output>
        </test-method> <!-- button -->
        <test-method status="PASS" signature="butto()[pri:4, instance:site_automate.NewTest@6d00a15d]" name="butto" duration-ms="76" started-at="2020-07-15T09:51:07Z" finished-at="2020-07-15T09:51:07Z">
          <reporter-output>
          </reporter-output>
        </test-method> <!-- butto -->
        <test-method status="PASS" signature="language()[pri:5, instance:site_automate.NewTest@6d00a15d]" name="language" duration-ms="1" started-at="2020-07-15T09:51:07Z" finished-at="2020-07-15T09:51:07Z">
          <reporter-output>
          </reporter-output>
        </test-method> <!-- language -->
        <test-method status="PASS" signature="skill()[pri:6, instance:site_automate.NewTest@6d00a15d]" name="skill" duration-ms="210" started-at="2020-07-15T09:51:07Z" finished-at="2020-07-15T09:51:08Z">
          <reporter-output>
          </reporter-output>
        </test-method> <!-- skill -->
        <test-method status="PASS" signature="country()[pri:7, instance:site_automate.NewTest@6d00a15d]" name="country" duration-ms="324" started-at="2020-07-15T09:51:08Z" finished-at="2020-07-15T09:51:08Z">
          <reporter-output>
          </reporter-output>
        </test-method> <!-- country -->
        <test-method status="PASS" signature="dob()[pri:8, instance:site_automate.NewTest@6d00a15d]" name="dob" duration-ms="365" started-at="2020-07-15T09:51:08Z" finished-at="2020-07-15T09:51:08Z">
          <reporter-output>
          </reporter-output>
        </test-method> <!-- dob -->
        <test-method status="PASS" signature="password()[pri:9, instance:site_automate.NewTest@6d00a15d]" name="password" duration-ms="485" started-at="2020-07-15T09:51:08Z" finished-at="2020-07-15T09:51:09Z">
          <reporter-output>
          </reporter-output>
        </test-method> <!-- password -->
        <test-method status="PASS" signature="afterSuite()[pri:0, instance:site_automate.NewTest@6d00a15d]" name="afterSuite" is-config="true" duration-ms="0" started-at="2020-07-15T09:51:09Z" finished-at="2020-07-15T09:51:09Z">
          <reporter-output>
          </reporter-output>
        </test-method> <!-- afterSuite -->
      </class> <!-- site_automate.NewTest -->
    </test> <!-- Default test -->
  </suite> <!-- Default suite -->
</testng-results>
