<?xml version="1.0" encoding="UTF-8"?>
<!-- Generated by org.testng.reporters.JUnitXMLReporter -->
<testsuite hostname="LAPTOP-Q5LA32G8" ignored="0" name="Test" tests="12" failures="0" timestamp="23 Jul 2020 10:04:57 GMT" time="0.063" errors="0">
  <testcase name="@BeforeSuite beforeSuite" time="0.063" classname="com.orangehrm.com.orangehrmlivee.driver">
    <failure type="java.lang.IllegalStateException" message="The driver executable does not exist: D:\automation_1june\com.orangehrmlivee\driver\chromedriver.exe">
      <![CDATA[java.lang.IllegalStateException: The driver executable does not exist: D:\automation_1june\com.orangehrmlivee\driver\chromedriver.exe
at com.google.common.base.Preconditions.checkState(Preconditions.java:585)
at org.openqa.selenium.remote.service.DriverService.checkExecutable(DriverService.java:146)
at org.openqa.selenium.remote.service.DriverService.findExecutable(DriverService.java:141)
at org.openqa.selenium.chrome.ChromeDriverService.access$000(ChromeDriverService.java:35)
at org.openqa.selenium.chrome.ChromeDriverService$Builder.findDefaultExecutable(ChromeDriverService.java:159)
at org.openqa.selenium.remote.service.DriverService$Builder.build(DriverService.java:355)
at org.openqa.selenium.chrome.ChromeDriverService.createDefaultService(ChromeDriverService.java:94)
at org.openqa.selenium.chrome.ChromeDriver.<init>(ChromeDriver.java:123)
at com.orangehrm.com.orangehrmlivee.driver.beforeSuite(driver.java:16)
... Removed 20 stack frames]]>
    </failure>
  </testcase> <!-- @BeforeSuite beforeSuite -->
  <testcase name="login" time="0.0" classname="com.orangehrm.com.orangehrmlivee.homepage">
    <skipped/>
  </testcase> <!-- login -->
  <testcase name="User" time="0.0" classname="com.orangehrm.com.orangehrmlivee.homepage">
    <skipped/>
  </testcase> <!-- User -->
  <testcase name="Job_Title" time="0.0" classname="com.orangehrm.com.orangehrmlivee.homepage">
    <skipped/>
  </testcase> <!-- Job_Title -->
  <testcase name="Employment_Status" time="0.0" classname="com.orangehrm.com.orangehrmlivee.homepage">
    <skipped/>
  </testcase> <!-- Employment_Status -->
  <testcase name="Job_Categories" time="0.0" classname="com.orangehrm.com.orangehrmlivee.homepage">
    <skipped/>
  </testcase> <!-- Job_Categories -->
  <testcase name="Workshift" time="0.0" classname="com.orangehrm.com.orangehrmlivee.homepage">
    <skipped/>
  </testcase> <!-- Workshift -->
  <testcase name="Organization_Structure" time="0.0" classname="com.orangehrm.com.orangehrmlivee.homepage">
    <skipped/>
  </testcase> <!-- Organization_Structure -->
  <testcase name="qualification_skilss" time="0.0" classname="com.orangehrm.com.orangehrmlivee.homepage">
    <skipped/>
  </testcase> <!-- qualification_skilss -->
  <testcase name="qualification_education" time="0.0" classname="com.orangehrm.com.orangehrmlivee.homepage">
    <skipped/>
  </testcase> <!-- qualification_education -->
  <testcase name="qualifiaction_licence" time="0.0" classname="com.orangehrm.com.orangehrmlivee.homepage">
    <skipped/>
  </testcase> <!-- qualifiaction_licence -->
  <testcase name="qualification_language" time="0.0" classname="com.orangehrm.com.orangehrmlivee.homepage">
    <skipped/>
  </testcase> <!-- qualification_language -->
  <testcase name="qualifiaction_membership" time="0.0" classname="com.orangehrm.com.orangehrmlivee.homepage">
    <skipped/>
  </testcase> <!-- qualifiaction_membership -->
</testsuite> <!-- Test -->
