<?xml version="1.0" encoding="UTF-8"?>
<testng-results skipped="0" failed="1" ignored="0" total="12" passed="11">
  <reporter-output>
  </reporter-output>
  <suite name="Suite" duration-ms="61854" started-at="2020-07-19T06:40:24Z" finished-at="2020-07-19T06:41:26Z">
    <groups>
    </groups>
    <test name="test" duration-ms="61854" started-at="2020-07-19T06:40:24Z" finished-at="2020-07-19T06:41:26Z">
      <class name="qualification_script.usermanagement">
        <test-method status="PASS" signature="beforeSuite()[pri:0, instance:qualification_script.usermanagement@51081592]" name="beforeSuite" is-config="true" duration-ms="9739" started-at="2020-07-19T12:10:15Z" finished-at="2020-07-19T12:10:24Z">
          <reporter-output>
          </reporter-output>
        </test-method> <!-- beforeSuite -->
        <test-method status="PASS" signature="login()[pri:0, instance:qualification_script.usermanagement@51081592]" name="login" duration-ms="7835" started-at="2020-07-19T12:10:24Z" finished-at="2020-07-19T12:10:32Z">
          <reporter-output>
          </reporter-output>
        </test-method> <!-- login -->
        <test-method status="PASS" signature="User()[pri:0, instance:qualification_script.usermanagement@51081592]" name="User" duration-ms="3705" started-at="2020-07-19T12:10:32Z" finished-at="2020-07-19T12:10:36Z">
          <reporter-output>
          </reporter-output>
        </test-method> <!-- User -->
        <test-method status="PASS" signature="Job_Title()[pri:0, instance:qualification_script.usermanagement@51081592]" name="Job_Title" duration-ms="11187" started-at="2020-07-19T12:10:36Z" finished-at="2020-07-19T12:10:47Z">
          <reporter-output>
          </reporter-output>
        </test-method> <!-- Job_Title -->
        <test-method status="PASS" signature="Employment_Status()[pri:0, instance:qualification_script.usermanagement@51081592]" name="Employment_Status" duration-ms="2211" started-at="2020-07-19T12:10:47Z" finished-at="2020-07-19T12:10:49Z">
          <reporter-output>
          </reporter-output>
        </test-method> <!-- Employment_Status -->
        <test-method status="PASS" signature="Job_Categories()[pri:0, instance:qualification_script.usermanagement@51081592]" name="Job_Categories" duration-ms="2026" started-at="2020-07-19T12:10:49Z" finished-at="2020-07-19T12:10:51Z">
          <reporter-output>
          </reporter-output>
        </test-method> <!-- Job_Categories -->
        <test-method status="PASS" signature="Workshift()[pri:0, instance:qualification_script.usermanagement@51081592]" name="Workshift" duration-ms="5081" started-at="2020-07-19T12:10:51Z" finished-at="2020-07-19T12:10:56Z">
          <reporter-output>
          </reporter-output>
        </test-method> <!-- Workshift -->
        <test-method status="PASS" signature="Organization_Structure()[pri:0, instance:qualification_script.usermanagement@51081592]" name="Organization_Structure" duration-ms="7097" started-at="2020-07-19T12:10:56Z" finished-at="2020-07-19T12:11:04Z">
          <reporter-output>
          </reporter-output>
        </test-method> <!-- Organization_Structure -->
        <test-method status="PASS" signature="qualification_skilss()[pri:0, instance:qualification_script.usermanagement@51081592]" name="qualification_skilss" duration-ms="5261" started-at="2020-07-19T12:11:04Z" finished-at="2020-07-19T12:11:09Z">
          <reporter-output>
          </reporter-output>
        </test-method> <!-- qualification_skilss -->
        <test-method status="PASS" signature="qualification_education()[pri:0, instance:qualification_script.usermanagement@51081592]" name="qualification_education" duration-ms="3671" started-at="2020-07-19T12:11:09Z" finished-at="2020-07-19T12:11:12Z">
          <reporter-output>
          </reporter-output>
        </test-method> <!-- qualification_education -->
        <test-method status="PASS" signature="qualifiaction_licence()[pri:0, instance:qualification_script.usermanagement@51081592]" name="qualifiaction_licence" duration-ms="3668" started-at="2020-07-19T12:11:12Z" finished-at="2020-07-19T12:11:16Z">
          <reporter-output>
          </reporter-output>
        </test-method> <!-- qualifiaction_licence -->
        <test-method status="PASS" signature="qualification_language()[pri:0, instance:qualification_script.usermanagement@51081592]" name="qualification_language" duration-ms="6884" started-at="2020-07-19T12:11:16Z" finished-at="2020-07-19T12:11:23Z">
          <reporter-output>
          </reporter-output>
        </test-method> <!-- qualification_language -->
        <test-method status="FAIL" signature="qualifiaction_membership()[pri:0, instance:qualification_script.usermanagement@51081592]" name="qualifiaction_membership" duration-ms="3177" started-at="2020-07-19T12:11:23Z" finished-at="2020-07-19T12:11:26Z">
          <exception class="org.openqa.selenium.ElementNotInteractableException">
            <message>
              <![CDATA[element not interactable
  (Session info: chrome=84.0.4147.89)
Build info: version: '3.141.59', revision: 'e82be7d358', time: '2018-11-14T08:25:48'
System info: host: 'LAPTOP-Q5LA32G8', ip: '192.168.225.107', os.name: 'Windows 10', os.arch: 'amd64', os.version: '10.0', java.version: '1.8.0_221'
Driver info: org.openqa.selenium.chrome.ChromeDriver
Capabilities {acceptInsecureCerts: false, browserName: chrome, browserVersion: 84.0.4147.89, chrome: {chromedriverVersion: 83.0.4103.14 (be04594a2b841..., userDataDir: C:\Users\asus\AppData\Local...}, goog:chromeOptions: {debuggerAddress: localhost:57885}, javascriptEnabled: true, networkConnectionEnabled: false, pageLoadStrategy: normal, platform: WINDOWS, platformName: WINDOWS, proxy: Proxy(), setWindowRect: true, strictFileInteractability: false, timeouts: {implicit: 0, pageLoad: 300000, script: 30000}, unhandledPromptBehavior: dismiss and notify, webauthn:virtualAuthenticators: true}
Session ID: 31573561ab2d05b50309305dae138114]]>
            </message>
            <full-stacktrace>
              <![CDATA[org.openqa.selenium.ElementNotInteractableException: element not interactable
  (Session info: chrome=84.0.4147.89)
Build info: version: '3.141.59', revision: 'e82be7d358', time: '2018-11-14T08:25:48'
System info: host: 'LAPTOP-Q5LA32G8', ip: '192.168.225.107', os.name: 'Windows 10', os.arch: 'amd64', os.version: '10.0', java.version: '1.8.0_221'
Driver info: org.openqa.selenium.chrome.ChromeDriver
Capabilities {acceptInsecureCerts: false, browserName: chrome, browserVersion: 84.0.4147.89, chrome: {chromedriverVersion: 83.0.4103.14 (be04594a2b841..., userDataDir: C:\Users\asus\AppData\Local...}, goog:chromeOptions: {debuggerAddress: localhost:57885}, javascriptEnabled: true, networkConnectionEnabled: false, pageLoadStrategy: normal, platform: WINDOWS, platformName: WINDOWS, proxy: Proxy(), setWindowRect: true, strictFileInteractability: false, timeouts: {implicit: 0, pageLoad: 300000, script: 30000}, unhandledPromptBehavior: dismiss and notify, webauthn:virtualAuthenticators: true}
Session ID: 31573561ab2d05b50309305dae138114
	at sun.reflect.NativeConstructorAccessorImpl.newInstance0(Native Method)
	at sun.reflect.NativeConstructorAccessorImpl.newInstance(NativeConstructorAccessorImpl.java:62)
	at sun.reflect.DelegatingConstructorAccessorImpl.newInstance(DelegatingConstructorAccessorImpl.java:45)
	at java.lang.reflect.Constructor.newInstance(Constructor.java:423)
	at org.openqa.selenium.remote.http.W3CHttpResponseCodec.createException(W3CHttpResponseCodec.java:187)
	at org.openqa.selenium.remote.http.W3CHttpResponseCodec.decode(W3CHttpResponseCodec.java:122)
	at org.openqa.selenium.remote.http.W3CHttpResponseCodec.decode(W3CHttpResponseCodec.java:49)
	at org.openqa.selenium.remote.HttpCommandExecutor.execute(HttpCommandExecutor.java:158)
	at org.openqa.selenium.remote.service.DriverCommandExecutor.execute(DriverCommandExecutor.java:83)
	at org.openqa.selenium.remote.RemoteWebDriver.execute(RemoteWebDriver.java:552)
	at org.openqa.selenium.remote.RemoteWebElement.execute(RemoteWebElement.java:285)
	at org.openqa.selenium.remote.RemoteWebElement.click(RemoteWebElement.java:84)
	at qualification_script.usermanagement.qualifiaction_membership(usermanagement.java:280)
	at sun.reflect.NativeMethodAccessorImpl.invoke0(Native Method)
	at sun.reflect.NativeMethodAccessorImpl.invoke(NativeMethodAccessorImpl.java:62)
	at sun.reflect.DelegatingMethodAccessorImpl.invoke(DelegatingMethodAccessorImpl.java:43)
	at java.lang.reflect.Method.invoke(Method.java:498)
	at org.testng.internal.MethodInvocationHelper.invokeMethod(MethodInvocationHelper.java:108)
	at org.testng.internal.Invoker.invokeMethod(Invoker.java:669)
	at org.testng.internal.Invoker.invokeTestMethod(Invoker.java:877)
	at org.testng.internal.Invoker.invokeTestMethods(Invoker.java:1201)
	at org.testng.internal.TestMethodWorker.invokeTestMethods(TestMethodWorker.java:125)
	at org.testng.internal.TestMethodWorker.run(TestMethodWorker.java:109)
	at org.testng.TestRunner.privateRun(TestRunner.java:776)
	at org.testng.TestRunner.run(TestRunner.java:634)
	at org.testng.SuiteRunner.runTest(SuiteRunner.java:425)
	at org.testng.SuiteRunner.runSequentially(SuiteRunner.java:420)
	at org.testng.SuiteRunner.privateRun(SuiteRunner.java:385)
	at org.testng.SuiteRunner.run(SuiteRunner.java:334)
	at org.testng.SuiteRunnerWorker.runSuite(SuiteRunnerWorker.java:52)
	at org.testng.SuiteRunnerWorker.run(SuiteRunnerWorker.java:86)
	at org.testng.TestNG.runSuitesSequentially(TestNG.java:1318)
	at org.testng.TestNG.runSuitesLocally(TestNG.java:1243)
	at org.testng.TestNG.runSuites(TestNG.java:1161)
	at org.testng.TestNG.run(TestNG.java:1129)
	at org.testng.remote.AbstractRemoteTestNG.run(AbstractRemoteTestNG.java:114)
	at org.testng.remote.RemoteTestNG.initAndRun(RemoteTestNG.java:251)
	at org.testng.remote.RemoteTestNG.main(RemoteTestNG.java:77)
]]>
            </full-stacktrace>
          </exception> <!-- org.openqa.selenium.ElementNotInteractableException -->
          <reporter-output>
          </reporter-output>
        </test-method> <!-- qualifiaction_membership -->
      </class> <!-- qualification_script.usermanagement -->
    </test> <!-- test -->
  </suite> <!-- Suite -->
</testng-results>
