<?xml version="1.0" encoding="UTF-8"?>
<!-- Generated by org.testng.reporters.JUnitXMLReporter -->
<testsuite hostname="LAPTOP-Q5LA32G8" ignored="4" name="Default test" tests="3" failures="0" timestamp="13 Jul 2020 05:42:51 GMT" time="19.222" errors="0">
  <testcase name="test" time="13.593" classname="btes_testngseond.homepage"/>
  <testcase name="forget" time="4.06" classname="btes_testngseond.forgetpassword"/>
  <testcase name="qualification" time="1.533" classname="btes_testngseond.forgetpassword"/>
  <testcase name="@BeforeSuite beforeSuite" time="0.0" classname="btes_testngseond.NewTest">
    <ignored/>
  </testcase> <!-- @BeforeSuite beforeSuite -->
  <testcase name="@BeforeSuite beforeSuite" time="0.0" classname="btes_testngseond.NewTest">
    <ignored/>
  </testcase> <!-- @BeforeSuite beforeSuite -->
  <testcase name="@AfterSuite afterSuite" time="0.0" classname="btes_testngseond.NewTest">
    <ignored/>
  </testcase> <!-- @AfterSuite afterSuite -->
  <testcase name="@AfterSuite afterSuite" time="0.0" classname="btes_testngseond.NewTest">
    <ignored/>
  </testcase> <!-- @AfterSuite afterSuite -->
</testsuite> <!-- Default test -->
